<?xml version="1.0" encoding="UTF-8"?>
<!-- Generated by org.testng.reporters.JUnitXMLReporter -->
<testsuite ignored="2" hostname="LAPTOP-VARHNTM8" failures="1" tests="1" name="FirefoxTest" time="0.325" errors="0" timestamp="2023-02-13T15:26:15 IST">
  <testcase classname="com.mohs10.scripts.HomeTest" name="firefox" time="0.0">
    <failure type="org.testng.TestNGException" message="
Method firefox requires 4 parameters but 1 were supplied in the @Test annotation.">
      <![CDATA[org.testng.TestNGException: 
Method firefox requires 4 parameters but 1 were supplied in the @Test annotation.
at java.base/java.util.ArrayList.forEach(ArrayList.java:1511)
at java.base/java.util.concurrent.FutureTask.run(FutureTask.java:264)
at java.base/java.util.concurrent.ThreadPoolExecutor.runWorker(ThreadPoolExecutor.java:1136)
at java.base/java.util.concurrent.ThreadPoolExecutor$Worker.run(ThreadPoolExecutor.java:635)
at java.base/java.lang.Thread.run(Thread.java:833)
... Removed 17 stack frames]]>
    </failure>
  </testcase> <!-- firefox -->
  <testcase classname="com.mohs10.scripts.HomeTest" name="chorme" time="0.0">
    <ignored/>
  </testcase> <!-- chorme -->
  <testcase classname="com.mohs10.scripts.HomeTest" name="edge" time="0.0">
    <ignored/>
  </testcase> <!-- edge -->
</testsuite> <!-- FirefoxTest -->
