<?xml version="1.0" encoding="UTF-8"?>
<!-- Generated by org.testng.reporters.JUnitXMLReporter -->
<testsuite ignored="0" hostname="LAPTOP-VARHNTM8" failures="1" tests="1" name="Testing Parameterization" time="0.322" errors="0" timestamp="2023-02-13T15:39:26 IST">
  <testcase classname="com.mohs10.scripts.HomeTest" name="firefox" time="0.0">
    <failure type="org.testng.TestNGException" message="
Method firefox requires 4 parameters but 1 were supplied in the @Test annotation.">
      <![CDATA[org.testng.TestNGException: 
Method firefox requires 4 parameters but 1 were supplied in the @Test annotation.
at java.base/java.util.ArrayList.forEach(ArrayList.java:1511)
... Removed 26 stack frames]]>
    </failure>
  </testcase> <!-- firefox -->
</testsuite> <!-- Testing Parameterization -->
